[2022-07-29 15:30:18] local.ERROR: SQLSTATE[HY000] [2002] Подключение не установлено, т.к. конечный компьютер отверг запрос на подключение.
 (SQL: select * from information_schema.tables where table_schema = s01_new and table_name = settings and table_type = 'BASE TABLE') {"exception":"[object] (Illuminate\\Database\\QueryException(code: 2002): SQLSTATE[HY000] [2002] Подключение не установлено, т.к. конечный компьютер отверг запрос на подключение.

 (SQL: select * from information_schema.tables where table_schema = s01_new and table_name = settings and table_type = 'BASE TABLE') at D:\\Projects\\Web\\My\\s01.one\\laravel-auth-backpack\\vendor\\laravel\\framework\\src\\Illuminate\\Database\\Connection.php:712)
[stacktrace]
#0 D:\\Projects\\Web\\My\\s01.one\\laravel-auth-backpack\\vendor\\laravel\\framework\\src\\Illuminate\\Database\\Connection.php(672): Illuminate\\Database\\Connection->runQueryCallback()
#1 D:\\Projects\\Web\\My\\s01.one\\laravel-auth-backpack\\vendor\\laravel\\framework\\src\\Illuminate\\Database\\Connection.php(376): Illuminate\\Database\\Connection->run()
#2 D:\\Projects\\Web\\My\\s01.one\\laravel-auth-backpack\\vendor\\laravel\\framework\\src\\Illuminate\\Database\\Schema\\MySqlBuilder.php(44): Illuminate\\Database\\Connection->select()
#3 D:\\Projects\\Web\\My\\s01.one\\laravel-auth-backpack\\vendor\\laravel\\framework\\src\\Illuminate\\Support\\Facades\\Facade.php(261): Illuminate\\Database\\Schema\\MySqlBuilder->hasTable()
#4 D:\\Projects\\Web\\My\\s01.one\\laravel-auth-backpack\\vendor\\backpack\\settings\\src\\SettingsServiceProvider.php(45): Illuminate\\Support\\Facades\\Facade::__callStatic()
#5 D:\\Projects\\Web\\My\\s01.one\\laravel-auth-backpack\\vendor\\laravel\\framework\\src\\Illuminate\\Container\\BoundMethod.php(36): Backpack\\Settings\\SettingsServiceProvider->boot()
#6 D:\\Projects\\Web\\My\\s01.one\\laravel-auth-backpack\\vendor\\laravel\\framework\\src\\Illuminate\\Container\\Util.php(40): Illuminate\\Container\\BoundMethod::Illuminate\\Container\\{closure}()
#7 D:\\Projects\\Web\\My\\s01.one\\laravel-auth-backpack\\vendor\\laravel\\framework\\src\\Illuminate\\Container\\BoundMethod.php(93): Illuminate\\Container\\Util::unwrapIfClosure()
#8 D:\\Projects\\Web\\My\\s01.one\\laravel-auth-backpack\\vendor\\laravel\\framework\\src\\Illuminate\\Container\\BoundMethod.php(37): Illuminate\\Container\\BoundMethod::callBoundMethod()
#9 D:\\Projects\\Web\\My\\s01.one\\laravel-auth-backpack\\vendor\\laravel\\framework\\src\\Illuminate\\Container\\Container.php(653): Illuminate\\Container\\BoundMethod::call()
#10 D:\\Projects\\Web\\My\\s01.one\\laravel-auth-backpack\\vendor\\laravel\\framework\\src\\Illuminate\\Foundation\\Application.php(924): Illuminate\\Container\\Container->call()
#11 D:\\Projects\\Web\\My\\s01.one\\laravel-auth-backpack\\vendor\\laravel\\framework\\src\\Illuminate\\Foundation\\Application.php(905): Illuminate\\Foundation\\Application->bootProvider()
#12 [internal function]: Illuminate\\Foundation\\Application->Illuminate\\Foundation\\{closure}()
#13 D:\\Projects\\Web\\My\\s01.one\\laravel-auth-backpack\\vendor\\laravel\\framework\\src\\Illuminate\\Foundation\\Application.php(906): array_walk()
#14 D:\\Projects\\Web\\My\\s01.one\\laravel-auth-backpack\\vendor\\laravel\\framework\\src\\Illuminate\\Foundation\\Bootstrap\\BootProviders.php(17): Illuminate\\Foundation\\Application->boot()
#15 D:\\Projects\\Web\\My\\s01.one\\laravel-auth-backpack\\vendor\\laravel\\framework\\src\\Illuminate\\Foundation\\Application.php(237): Illuminate\\Foundation\\Bootstrap\\BootProviders->bootstrap()
#16 D:\\Projects\\Web\\My\\s01.one\\laravel-auth-backpack\\vendor\\laravel\\framework\\src\\Illuminate\\Foundation\\Http\\Kernel.php(153): Illuminate\\Foundation\\Application->bootstrapWith()
#17 D:\\Projects\\Web\\My\\s01.one\\laravel-auth-backpack\\vendor\\laravel\\framework\\src\\Illuminate\\Foundation\\Http\\Kernel.php(137): Illuminate\\Foundation\\Http\\Kernel->bootstrap()
#18 D:\\Projects\\Web\\My\\s01.one\\laravel-auth-backpack\\vendor\\laravel\\framework\\src\\Illuminate\\Foundation\\Http\\Kernel.php(111): Illuminate\\Foundation\\Http\\Kernel->sendRequestThroughRouter()
#19 D:\\Projects\\Web\\My\\s01.one\\laravel-auth-backpack\\public\\index.php(52): Illuminate\\Foundation\\Http\\Kernel->handle()
#20 D:\\Projects\\Web\\My\\s01.one\\laravel-auth-backpack\\server.php(21): require_once('D:\\\\Projects\\\\Web...')
#21 {main}

[previous exception] [object] (PDOException(code: 2002): SQLSTATE[HY000] [2002] Подключение не установлено, т.к. конечный компьютер отверг запрос на подключение.

 at D:\\Projects\\Web\\My\\s01.one\\laravel-auth-backpack\\vendor\\laravel\\framework\\src\\Illuminate\\Database\\Connectors\\Connector.php:70)
[stacktrace]
#0 D:\\Projects\\Web\\My\\s01.one\\laravel-auth-backpack\\vendor\\laravel\\framework\\src\\Illuminate\\Database\\Connectors\\Connector.php(70): PDO->__construct()
#1 D:\\Projects\\Web\\My\\s01.one\\laravel-auth-backpack\\vendor\\laravel\\framework\\src\\Illuminate\\Database\\Connectors\\Connector.php(46): Illuminate\\Database\\Connectors\\Connector->createPdoConnection()
#2 D:\\Projects\\Web\\My\\s01.one\\laravel-auth-backpack\\vendor\\laravel\\framework\\src\\Illuminate\\Database\\Connectors\\MySqlConnector.php(24): Illuminate\\Database\\Connectors\\Connector->createConnection()
#3 D:\\Projects\\Web\\My\\s01.one\\laravel-auth-backpack\\vendor\\laravel\\framework\\src\\Illuminate\\Database\\Connectors\\ConnectionFactory.php(184): Illuminate\\Database\\Connectors\\MySqlConnector->connect()
#4 [internal function]: Illuminate\\Database\\Connectors\\ConnectionFactory->Illuminate\\Database\\Connectors\\{closure}()
#5 D:\\Projects\\Web\\My\\s01.one\\laravel-auth-backpack\\vendor\\laravel\\framework\\src\\Illuminate\\Database\\Connection.php(1064): call_user_func()
#6 D:\\Projects\\Web\\My\\s01.one\\laravel-auth-backpack\\vendor\\laravel\\framework\\src\\Illuminate\\Database\\Connection.php(1100): Illuminate\\Database\\Connection->getPdo()
#7 D:\\Projects\\Web\\My\\s01.one\\laravel-auth-backpack\\vendor\\laravel\\framework\\src\\Illuminate\\Database\\Connection.php(442): Illuminate\\Database\\Connection->getReadPdo()
#8 D:\\Projects\\Web\\My\\s01.one\\laravel-auth-backpack\\vendor\\laravel\\framework\\src\\Illuminate\\Database\\Connection.php(368): Illuminate\\Database\\Connection->getPdoForSelect()
#9 D:\\Projects\\Web\\My\\s01.one\\laravel-auth-backpack\\vendor\\laravel\\framework\\src\\Illuminate\\Database\\Connection.php(705): Illuminate\\Database\\Connection->Illuminate\\Database\\{closure}()
#10 D:\\Projects\\Web\\My\\s01.one\\laravel-auth-backpack\\vendor\\laravel\\framework\\src\\Illuminate\\Database\\Connection.php(672): Illuminate\\Database\\Connection->runQueryCallback()
#11 D:\\Projects\\Web\\My\\s01.one\\laravel-auth-backpack\\vendor\\laravel\\framework\\src\\Illuminate\\Database\\Connection.php(376): Illuminate\\Database\\Connection->run()
#12 D:\\Projects\\Web\\My\\s01.one\\laravel-auth-backpack\\vendor\\laravel\\framework\\src\\Illuminate\\Database\\Schema\\MySqlBuilder.php(44): Illuminate\\Database\\Connection->select()
#13 D:\\Projects\\Web\\My\\s01.one\\laravel-auth-backpack\\vendor\\laravel\\framework\\src\\Illuminate\\Support\\Facades\\Facade.php(261): Illuminate\\Database\\Schema\\MySqlBuilder->hasTable()
#14 D:\\Projects\\Web\\My\\s01.one\\laravel-auth-backpack\\vendor\\backpack\\settings\\src\\SettingsServiceProvider.php(45): Illuminate\\Support\\Facades\\Facade::__callStatic()
#15 D:\\Projects\\Web\\My\\s01.one\\laravel-auth-backpack\\vendor\\laravel\\framework\\src\\Illuminate\\Container\\BoundMethod.php(36): Backpack\\Settings\\SettingsServiceProvider->boot()
#16 D:\\Projects\\Web\\My\\s01.one\\laravel-auth-backpack\\vendor\\laravel\\framework\\src\\Illuminate\\Container\\Util.php(40): Illuminate\\Container\\BoundMethod::Illuminate\\Container\\{closure}()
#17 D:\\Projects\\Web\\My\\s01.one\\laravel-auth-backpack\\vendor\\laravel\\framework\\src\\Illuminate\\Container\\BoundMethod.php(93): Illuminate\\Container\\Util::unwrapIfClosure()
#18 D:\\Projects\\Web\\My\\s01.one\\laravel-auth-backpack\\vendor\\laravel\\framework\\src\\Illuminate\\Container\\BoundMethod.php(37): Illuminate\\Container\\BoundMethod::callBoundMethod()
#19 D:\\Projects\\Web\\My\\s01.one\\laravel-auth-backpack\\vendor\\laravel\\framework\\src\\Illuminate\\Container\\Container.php(653): Illuminate\\Container\\BoundMethod::call()
#20 D:\\Projects\\Web\\My\\s01.one\\laravel-auth-backpack\\vendor\\laravel\\framework\\src\\Illuminate\\Foundation\\Application.php(924): Illuminate\\Container\\Container->call()
#21 D:\\Projects\\Web\\My\\s01.one\\laravel-auth-backpack\\vendor\\laravel\\framework\\src\\Illuminate\\Foundation\\Application.php(905): Illuminate\\Foundation\\Application->bootProvider()
#22 [internal function]: Illuminate\\Foundation\\Application->Illuminate\\Foundation\\{closure}()
#23 D:\\Projects\\Web\\My\\s01.one\\laravel-auth-backpack\\vendor\\laravel\\framework\\src\\Illuminate\\Foundation\\Application.php(906): array_walk()
#24 D:\\Projects\\Web\\My\\s01.one\\laravel-auth-backpack\\vendor\\laravel\\framework\\src\\Illuminate\\Foundation\\Bootstrap\\BootProviders.php(17): Illuminate\\Foundation\\Application->boot()
#25 D:\\Projects\\Web\\My\\s01.one\\laravel-auth-backpack\\vendor\\laravel\\framework\\src\\Illuminate\\Foundation\\Application.php(237): Illuminate\\Foundation\\Bootstrap\\BootProviders->bootstrap()
#26 D:\\Projects\\Web\\My\\s01.one\\laravel-auth-backpack\\vendor\\laravel\\framework\\src\\Illuminate\\Foundation\\Http\\Kernel.php(153): Illuminate\\Foundation\\Application->bootstrapWith()
#27 D:\\Projects\\Web\\My\\s01.one\\laravel-auth-backpack\\vendor\\laravel\\framework\\src\\Illuminate\\Foundation\\Http\\Kernel.php(137): Illuminate\\Foundation\\Http\\Kernel->bootstrap()
#28 D:\\Projects\\Web\\My\\s01.one\\laravel-auth-backpack\\vendor\\laravel\\framework\\src\\Illuminate\\Foundation\\Http\\Kernel.php(111): Illuminate\\Foundation\\Http\\Kernel->sendRequestThroughRouter()
#29 D:\\Projects\\Web\\My\\s01.one\\laravel-auth-backpack\\public\\index.php(52): Illuminate\\Foundation\\Http\\Kernel->handle()
#30 D:\\Projects\\Web\\My\\s01.one\\laravel-auth-backpack\\server.php(21): require_once('D:\\\\Projects\\\\Web...')
#31 {main}
"} 
[2022-07-29 15:30:32] local.ERROR: SQLSTATE[HY000] [2002] Подключение не установлено, т.к. конечный компьютер отверг запрос на подключение.
 (SQL: select * from information_schema.tables where table_schema = s01_new and table_name = settings and table_type = 'BASE TABLE') {"exception":"[object] (Illuminate\\Database\\QueryException(code: 2002): SQLSTATE[HY000] [2002] Подключение не установлено, т.к. конечный компьютер отверг запрос на подключение.

 (SQL: select * from information_schema.tables where table_schema = s01_new and table_name = settings and table_type = 'BASE TABLE') at D:\\Projects\\Web\\My\\s01.one\\laravel-auth-backpack\\vendor\\laravel\\framework\\src\\Illuminate\\Database\\Connection.php:712)
[stacktrace]
#0 D:\\Projects\\Web\\My\\s01.one\\laravel-auth-backpack\\vendor\\laravel\\framework\\src\\Illuminate\\Database\\Connection.php(672): Illuminate\\Database\\Connection->runQueryCallback()
#1 D:\\Projects\\Web\\My\\s01.one\\laravel-auth-backpack\\vendor\\laravel\\framework\\src\\Illuminate\\Database\\Connection.php(376): Illuminate\\Database\\Connection->run()
#2 D:\\Projects\\Web\\My\\s01.one\\laravel-auth-backpack\\vendor\\laravel\\framework\\src\\Illuminate\\Database\\Schema\\MySqlBuilder.php(44): Illuminate\\Database\\Connection->select()
#3 D:\\Projects\\Web\\My\\s01.one\\laravel-auth-backpack\\vendor\\laravel\\framework\\src\\Illuminate\\Support\\Facades\\Facade.php(261): Illuminate\\Database\\Schema\\MySqlBuilder->hasTable()
#4 D:\\Projects\\Web\\My\\s01.one\\laravel-auth-backpack\\vendor\\backpack\\settings\\src\\SettingsServiceProvider.php(45): Illuminate\\Support\\Facades\\Facade::__callStatic()
#5 D:\\Projects\\Web\\My\\s01.one\\laravel-auth-backpack\\vendor\\laravel\\framework\\src\\Illuminate\\Container\\BoundMethod.php(36): Backpack\\Settings\\SettingsServiceProvider->boot()
#6 D:\\Projects\\Web\\My\\s01.one\\laravel-auth-backpack\\vendor\\laravel\\framework\\src\\Illuminate\\Container\\Util.php(40): Illuminate\\Container\\BoundMethod::Illuminate\\Container\\{closure}()
#7 D:\\Projects\\Web\\My\\s01.one\\laravel-auth-backpack\\vendor\\laravel\\framework\\src\\Illuminate\\Container\\BoundMethod.php(93): Illuminate\\Container\\Util::unwrapIfClosure()
#8 D:\\Projects\\Web\\My\\s01.one\\laravel-auth-backpack\\vendor\\laravel\\framework\\src\\Illuminate\\Container\\BoundMethod.php(37): Illuminate\\Container\\BoundMethod::callBoundMethod()
#9 D:\\Projects\\Web\\My\\s01.one\\laravel-auth-backpack\\vendor\\laravel\\framework\\src\\Illuminate\\Container\\Container.php(653): Illuminate\\Container\\BoundMethod::call()
#10 D:\\Projects\\Web\\My\\s01.one\\laravel-auth-backpack\\vendor\\laravel\\framework\\src\\Illuminate\\Foundation\\Application.php(924): Illuminate\\Container\\Container->call()
#11 D:\\Projects\\Web\\My\\s01.one\\laravel-auth-backpack\\vendor\\laravel\\framework\\src\\Illuminate\\Foundation\\Application.php(905): Illuminate\\Foundation\\Application->bootProvider()
#12 [internal function]: Illuminate\\Foundation\\Application->Illuminate\\Foundation\\{closure}()
#13 D:\\Projects\\Web\\My\\s01.one\\laravel-auth-backpack\\vendor\\laravel\\framework\\src\\Illuminate\\Foundation\\Application.php(906): array_walk()
#14 D:\\Projects\\Web\\My\\s01.one\\laravel-auth-backpack\\vendor\\laravel\\framework\\src\\Illuminate\\Foundation\\Bootstrap\\BootProviders.php(17): Illuminate\\Foundation\\Application->boot()
#15 D:\\Projects\\Web\\My\\s01.one\\laravel-auth-backpack\\vendor\\laravel\\framework\\src\\Illuminate\\Foundation\\Application.php(237): Illuminate\\Foundation\\Bootstrap\\BootProviders->bootstrap()
#16 D:\\Projects\\Web\\My\\s01.one\\laravel-auth-backpack\\vendor\\laravel\\framework\\src\\Illuminate\\Foundation\\Http\\Kernel.php(153): Illuminate\\Foundation\\Application->bootstrapWith()
#17 D:\\Projects\\Web\\My\\s01.one\\laravel-auth-backpack\\vendor\\laravel\\framework\\src\\Illuminate\\Foundation\\Http\\Kernel.php(137): Illuminate\\Foundation\\Http\\Kernel->bootstrap()
#18 D:\\Projects\\Web\\My\\s01.one\\laravel-auth-backpack\\vendor\\laravel\\framework\\src\\Illuminate\\Foundation\\Http\\Kernel.php(111): Illuminate\\Foundation\\Http\\Kernel->sendRequestThroughRouter()
#19 D:\\Projects\\Web\\My\\s01.one\\laravel-auth-backpack\\public\\index.php(52): Illuminate\\Foundation\\Http\\Kernel->handle()
#20 D:\\Projects\\Web\\My\\s01.one\\laravel-auth-backpack\\server.php(21): require_once('D:\\\\Projects\\\\Web...')
#21 {main}

[previous exception] [object] (PDOException(code: 2002): SQLSTATE[HY000] [2002] Подключение не установлено, т.к. конечный компьютер отверг запрос на подключение.

 at D:\\Projects\\Web\\My\\s01.one\\laravel-auth-backpack\\vendor\\laravel\\framework\\src\\Illuminate\\Database\\Connectors\\Connector.php:70)
[stacktrace]
#0 D:\\Projects\\Web\\My\\s01.one\\laravel-auth-backpack\\vendor\\laravel\\framework\\src\\Illuminate\\Database\\Connectors\\Connector.php(70): PDO->__construct()
#1 D:\\Projects\\Web\\My\\s01.one\\laravel-auth-backpack\\vendor\\laravel\\framework\\src\\Illuminate\\Database\\Connectors\\Connector.php(46): Illuminate\\Database\\Connectors\\Connector->createPdoConnection()
#2 D:\\Projects\\Web\\My\\s01.one\\laravel-auth-backpack\\vendor\\laravel\\framework\\src\\Illuminate\\Database\\Connectors\\MySqlConnector.php(24): Illuminate\\Database\\Connectors\\Connector->createConnection()
#3 D:\\Projects\\Web\\My\\s01.one\\laravel-auth-backpack\\vendor\\laravel\\framework\\src\\Illuminate\\Database\\Connectors\\ConnectionFactory.php(184): Illuminate\\Database\\Connectors\\MySqlConnector->connect()
#4 [internal function]: Illuminate\\Database\\Connectors\\ConnectionFactory->Illuminate\\Database\\Connectors\\{closure}()
#5 D:\\Projects\\Web\\My\\s01.one\\laravel-auth-backpack\\vendor\\laravel\\framework\\src\\Illuminate\\Database\\Connection.php(1064): call_user_func()
#6 D:\\Projects\\Web\\My\\s01.one\\laravel-auth-backpack\\vendor\\laravel\\framework\\src\\Illuminate\\Database\\Connection.php(1100): Illuminate\\Database\\Connection->getPdo()
#7 D:\\Projects\\Web\\My\\s01.one\\laravel-auth-backpack\\vendor\\laravel\\framework\\src\\Illuminate\\Database\\Connection.php(442): Illuminate\\Database\\Connection->getReadPdo()
#8 D:\\Projects\\Web\\My\\s01.one\\laravel-auth-backpack\\vendor\\laravel\\framework\\src\\Illuminate\\Database\\Connection.php(368): Illuminate\\Database\\Connection->getPdoForSelect()
#9 D:\\Projects\\Web\\My\\s01.one\\laravel-auth-backpack\\vendor\\laravel\\framework\\src\\Illuminate\\Database\\Connection.php(705): Illuminate\\Database\\Connection->Illuminate\\Database\\{closure}()
#10 D:\\Projects\\Web\\My\\s01.one\\laravel-auth-backpack\\vendor\\laravel\\framework\\src\\Illuminate\\Database\\Connection.php(672): Illuminate\\Database\\Connection->runQueryCallback()
#11 D:\\Projects\\Web\\My\\s01.one\\laravel-auth-backpack\\vendor\\laravel\\framework\\src\\Illuminate\\Database\\Connection.php(376): Illuminate\\Database\\Connection->run()
#12 D:\\Projects\\Web\\My\\s01.one\\laravel-auth-backpack\\vendor\\laravel\\framework\\src\\Illuminate\\Database\\Schema\\MySqlBuilder.php(44): Illuminate\\Database\\Connection->select()
#13 D:\\Projects\\Web\\My\\s01.one\\laravel-auth-backpack\\vendor\\laravel\\framework\\src\\Illuminate\\Support\\Facades\\Facade.php(261): Illuminate\\Database\\Schema\\MySqlBuilder->hasTable()
#14 D:\\Projects\\Web\\My\\s01.one\\laravel-auth-backpack\\vendor\\backpack\\settings\\src\\SettingsServiceProvider.php(45): Illuminate\\Support\\Facades\\Facade::__callStatic()
#15 D:\\Projects\\Web\\My\\s01.one\\laravel-auth-backpack\\vendor\\laravel\\framework\\src\\Illuminate\\Container\\BoundMethod.php(36): Backpack\\Settings\\SettingsServiceProvider->boot()
#16 D:\\Projects\\Web\\My\\s01.one\\laravel-auth-backpack\\vendor\\laravel\\framework\\src\\Illuminate\\Container\\Util.php(40): Illuminate\\Container\\BoundMethod::Illuminate\\Container\\{closure}()
#17 D:\\Projects\\Web\\My\\s01.one\\laravel-auth-backpack\\vendor\\laravel\\framework\\src\\Illuminate\\Container\\BoundMethod.php(93): Illuminate\\Container\\Util::unwrapIfClosure()
#18 D:\\Projects\\Web\\My\\s01.one\\laravel-auth-backpack\\vendor\\laravel\\framework\\src\\Illuminate\\Container\\BoundMethod.php(37): Illuminate\\Container\\BoundMethod::callBoundMethod()
#19 D:\\Projects\\Web\\My\\s01.one\\laravel-auth-backpack\\vendor\\laravel\\framework\\src\\Illuminate\\Container\\Container.php(653): Illuminate\\Container\\BoundMethod::call()
#20 D:\\Projects\\Web\\My\\s01.one\\laravel-auth-backpack\\vendor\\laravel\\framework\\src\\Illuminate\\Foundation\\Application.php(924): Illuminate\\Container\\Container->call()
#21 D:\\Projects\\Web\\My\\s01.one\\laravel-auth-backpack\\vendor\\laravel\\framework\\src\\Illuminate\\Foundation\\Application.php(905): Illuminate\\Foundation\\Application->bootProvider()
#22 [internal function]: Illuminate\\Foundation\\Application->Illuminate\\Foundation\\{closure}()
#23 D:\\Projects\\Web\\My\\s01.one\\laravel-auth-backpack\\vendor\\laravel\\framework\\src\\Illuminate\\Foundation\\Application.php(906): array_walk()
#24 D:\\Projects\\Web\\My\\s01.one\\laravel-auth-backpack\\vendor\\laravel\\framework\\src\\Illuminate\\Foundation\\Bootstrap\\BootProviders.php(17): Illuminate\\Foundation\\Application->boot()
#25 D:\\Projects\\Web\\My\\s01.one\\laravel-auth-backpack\\vendor\\laravel\\framework\\src\\Illuminate\\Foundation\\Application.php(237): Illuminate\\Foundation\\Bootstrap\\BootProviders->bootstrap()
#26 D:\\Projects\\Web\\My\\s01.one\\laravel-auth-backpack\\vendor\\laravel\\framework\\src\\Illuminate\\Foundation\\Http\\Kernel.php(153): Illuminate\\Foundation\\Application->bootstrapWith()
#27 D:\\Projects\\Web\\My\\s01.one\\laravel-auth-backpack\\vendor\\laravel\\framework\\src\\Illuminate\\Foundation\\Http\\Kernel.php(137): Illuminate\\Foundation\\Http\\Kernel->bootstrap()
#28 D:\\Projects\\Web\\My\\s01.one\\laravel-auth-backpack\\vendor\\laravel\\framework\\src\\Illuminate\\Foundation\\Http\\Kernel.php(111): Illuminate\\Foundation\\Http\\Kernel->sendRequestThroughRouter()
#29 D:\\Projects\\Web\\My\\s01.one\\laravel-auth-backpack\\public\\index.php(52): Illuminate\\Foundation\\Http\\Kernel->handle()
#30 D:\\Projects\\Web\\My\\s01.one\\laravel-auth-backpack\\server.php(21): require_once('D:\\\\Projects\\\\Web...')
#31 {main}
"} 
[2022-07-29 15:31:01] local.ERROR: SQLSTATE[HY000] [2002] Подключение не установлено, т.к. конечный компьютер отверг запрос на подключение.
 (SQL: select * from information_schema.tables where table_schema = s01_new and table_name = settings and table_type = 'BASE TABLE') {"exception":"[object] (Illuminate\\Database\\QueryException(code: 2002): SQLSTATE[HY000] [2002] Подключение не установлено, т.к. конечный компьютер отверг запрос на подключение.

 (SQL: select * from information_schema.tables where table_schema = s01_new and table_name = settings and table_type = 'BASE TABLE') at D:\\Projects\\Web\\My\\s01.one\\laravel-auth-backpack\\vendor\\laravel\\framework\\src\\Illuminate\\Database\\Connection.php:712)
[stacktrace]
#0 D:\\Projects\\Web\\My\\s01.one\\laravel-auth-backpack\\vendor\\laravel\\framework\\src\\Illuminate\\Database\\Connection.php(672): Illuminate\\Database\\Connection->runQueryCallback()
#1 D:\\Projects\\Web\\My\\s01.one\\laravel-auth-backpack\\vendor\\laravel\\framework\\src\\Illuminate\\Database\\Connection.php(376): Illuminate\\Database\\Connection->run()
#2 D:\\Projects\\Web\\My\\s01.one\\laravel-auth-backpack\\vendor\\laravel\\framework\\src\\Illuminate\\Database\\Schema\\MySqlBuilder.php(44): Illuminate\\Database\\Connection->select()
#3 D:\\Projects\\Web\\My\\s01.one\\laravel-auth-backpack\\vendor\\laravel\\framework\\src\\Illuminate\\Support\\Facades\\Facade.php(261): Illuminate\\Database\\Schema\\MySqlBuilder->hasTable()
#4 D:\\Projects\\Web\\My\\s01.one\\laravel-auth-backpack\\vendor\\backpack\\settings\\src\\SettingsServiceProvider.php(45): Illuminate\\Support\\Facades\\Facade::__callStatic()
#5 D:\\Projects\\Web\\My\\s01.one\\laravel-auth-backpack\\vendor\\laravel\\framework\\src\\Illuminate\\Container\\BoundMethod.php(36): Backpack\\Settings\\SettingsServiceProvider->boot()
#6 D:\\Projects\\Web\\My\\s01.one\\laravel-auth-backpack\\vendor\\laravel\\framework\\src\\Illuminate\\Container\\Util.php(40): Illuminate\\Container\\BoundMethod::Illuminate\\Container\\{closure}()
#7 D:\\Projects\\Web\\My\\s01.one\\laravel-auth-backpack\\vendor\\laravel\\framework\\src\\Illuminate\\Container\\BoundMethod.php(93): Illuminate\\Container\\Util::unwrapIfClosure()
#8 D:\\Projects\\Web\\My\\s01.one\\laravel-auth-backpack\\vendor\\laravel\\framework\\src\\Illuminate\\Container\\BoundMethod.php(37): Illuminate\\Container\\BoundMethod::callBoundMethod()
#9 D:\\Projects\\Web\\My\\s01.one\\laravel-auth-backpack\\vendor\\laravel\\framework\\src\\Illuminate\\Container\\Container.php(653): Illuminate\\Container\\BoundMethod::call()
#10 D:\\Projects\\Web\\My\\s01.one\\laravel-auth-backpack\\vendor\\laravel\\framework\\src\\Illuminate\\Foundation\\Application.php(924): Illuminate\\Container\\Container->call()
#11 D:\\Projects\\Web\\My\\s01.one\\laravel-auth-backpack\\vendor\\laravel\\framework\\src\\Illuminate\\Foundation\\Application.php(905): Illuminate\\Foundation\\Application->bootProvider()
#12 [internal function]: Illuminate\\Foundation\\Application->Illuminate\\Foundation\\{closure}()
#13 D:\\Projects\\Web\\My\\s01.one\\laravel-auth-backpack\\vendor\\laravel\\framework\\src\\Illuminate\\Foundation\\Application.php(906): array_walk()
#14 D:\\Projects\\Web\\My\\s01.one\\laravel-auth-backpack\\vendor\\laravel\\framework\\src\\Illuminate\\Foundation\\Bootstrap\\BootProviders.php(17): Illuminate\\Foundation\\Application->boot()
#15 D:\\Projects\\Web\\My\\s01.one\\laravel-auth-backpack\\vendor\\laravel\\framework\\src\\Illuminate\\Foundation\\Application.php(237): Illuminate\\Foundation\\Bootstrap\\BootProviders->bootstrap()
#16 D:\\Projects\\Web\\My\\s01.one\\laravel-auth-backpack\\vendor\\laravel\\framework\\src\\Illuminate\\Foundation\\Http\\Kernel.php(153): Illuminate\\Foundation\\Application->bootstrapWith()
#17 D:\\Projects\\Web\\My\\s01.one\\laravel-auth-backpack\\vendor\\laravel\\framework\\src\\Illuminate\\Foundation\\Http\\Kernel.php(137): Illuminate\\Foundation\\Http\\Kernel->bootstrap()
#18 D:\\Projects\\Web\\My\\s01.one\\laravel-auth-backpack\\vendor\\laravel\\framework\\src\\Illuminate\\Foundation\\Http\\Kernel.php(111): Illuminate\\Foundation\\Http\\Kernel->sendRequestThroughRouter()
#19 D:\\Projects\\Web\\My\\s01.one\\laravel-auth-backpack\\public\\index.php(52): Illuminate\\Foundation\\Http\\Kernel->handle()
#20 D:\\Projects\\Web\\My\\s01.one\\laravel-auth-backpack\\server.php(21): require_once('D:\\\\Projects\\\\Web...')
#21 {main}

[previous exception] [object] (PDOException(code: 2002): SQLSTATE[HY000] [2002] Подключение не установлено, т.к. конечный компьютер отверг запрос на подключение.

 at D:\\Projects\\Web\\My\\s01.one\\laravel-auth-backpack\\vendor\\laravel\\framework\\src\\Illuminate\\Database\\Connectors\\Connector.php:70)
[stacktrace]
#0 D:\\Projects\\Web\\My\\s01.one\\laravel-auth-backpack\\vendor\\laravel\\framework\\src\\Illuminate\\Database\\Connectors\\Connector.php(70): PDO->__construct()
#1 D:\\Projects\\Web\\My\\s01.one\\laravel-auth-backpack\\vendor\\laravel\\framework\\src\\Illuminate\\Database\\Connectors\\Connector.php(46): Illuminate\\Database\\Connectors\\Connector->createPdoConnection()
#2 D:\\Projects\\Web\\My\\s01.one\\laravel-auth-backpack\\vendor\\laravel\\framework\\src\\Illuminate\\Database\\Connectors\\MySqlConnector.php(24): Illuminate\\Database\\Connectors\\Connector->createConnection()
#3 D:\\Projects\\Web\\My\\s01.one\\laravel-auth-backpack\\vendor\\laravel\\framework\\src\\Illuminate\\Database\\Connectors\\ConnectionFactory.php(184): Illuminate\\Database\\Connectors\\MySqlConnector->connect()
#4 [internal function]: Illuminate\\Database\\Connectors\\ConnectionFactory->Illuminate\\Database\\Connectors\\{closure}()
#5 D:\\Projects\\Web\\My\\s01.one\\laravel-auth-backpack\\vendor\\laravel\\framework\\src\\Illuminate\\Database\\Connection.php(1064): call_user_func()
#6 D:\\Projects\\Web\\My\\s01.one\\laravel-auth-backpack\\vendor\\laravel\\framework\\src\\Illuminate\\Database\\Connection.php(1100): Illuminate\\Database\\Connection->getPdo()
#7 D:\\Projects\\Web\\My\\s01.one\\laravel-auth-backpack\\vendor\\laravel\\framework\\src\\Illuminate\\Database\\Connection.php(442): Illuminate\\Database\\Connection->getReadPdo()
#8 D:\\Projects\\Web\\My\\s01.one\\laravel-auth-backpack\\vendor\\laravel\\framework\\src\\Illuminate\\Database\\Connection.php(368): Illuminate\\Database\\Connection->getPdoForSelect()
#9 D:\\Projects\\Web\\My\\s01.one\\laravel-auth-backpack\\vendor\\laravel\\framework\\src\\Illuminate\\Database\\Connection.php(705): Illuminate\\Database\\Connection->Illuminate\\Database\\{closure}()
#10 D:\\Projects\\Web\\My\\s01.one\\laravel-auth-backpack\\vendor\\laravel\\framework\\src\\Illuminate\\Database\\Connection.php(672): Illuminate\\Database\\Connection->runQueryCallback()
#11 D:\\Projects\\Web\\My\\s01.one\\laravel-auth-backpack\\vendor\\laravel\\framework\\src\\Illuminate\\Database\\Connection.php(376): Illuminate\\Database\\Connection->run()
#12 D:\\Projects\\Web\\My\\s01.one\\laravel-auth-backpack\\vendor\\laravel\\framework\\src\\Illuminate\\Database\\Schema\\MySqlBuilder.php(44): Illuminate\\Database\\Connection->select()
#13 D:\\Projects\\Web\\My\\s01.one\\laravel-auth-backpack\\vendor\\laravel\\framework\\src\\Illuminate\\Support\\Facades\\Facade.php(261): Illuminate\\Database\\Schema\\MySqlBuilder->hasTable()
#14 D:\\Projects\\Web\\My\\s01.one\\laravel-auth-backpack\\vendor\\backpack\\settings\\src\\SettingsServiceProvider.php(45): Illuminate\\Support\\Facades\\Facade::__callStatic()
#15 D:\\Projects\\Web\\My\\s01.one\\laravel-auth-backpack\\vendor\\laravel\\framework\\src\\Illuminate\\Container\\BoundMethod.php(36): Backpack\\Settings\\SettingsServiceProvider->boot()
#16 D:\\Projects\\Web\\My\\s01.one\\laravel-auth-backpack\\vendor\\laravel\\framework\\src\\Illuminate\\Container\\Util.php(40): Illuminate\\Container\\BoundMethod::Illuminate\\Container\\{closure}()
#17 D:\\Projects\\Web\\My\\s01.one\\laravel-auth-backpack\\vendor\\laravel\\framework\\src\\Illuminate\\Container\\BoundMethod.php(93): Illuminate\\Container\\Util::unwrapIfClosure()
#18 D:\\Projects\\Web\\My\\s01.one\\laravel-auth-backpack\\vendor\\laravel\\framework\\src\\Illuminate\\Container\\BoundMethod.php(37): Illuminate\\Container\\BoundMethod::callBoundMethod()
#19 D:\\Projects\\Web\\My\\s01.one\\laravel-auth-backpack\\vendor\\laravel\\framework\\src\\Illuminate\\Container\\Container.php(653): Illuminate\\Container\\BoundMethod::call()
#20 D:\\Projects\\Web\\My\\s01.one\\laravel-auth-backpack\\vendor\\laravel\\framework\\src\\Illuminate\\Foundation\\Application.php(924): Illuminate\\Container\\Container->call()
#21 D:\\Projects\\Web\\My\\s01.one\\laravel-auth-backpack\\vendor\\laravel\\framework\\src\\Illuminate\\Foundation\\Application.php(905): Illuminate\\Foundation\\Application->bootProvider()
#22 [internal function]: Illuminate\\Foundation\\Application->Illuminate\\Foundation\\{closure}()
#23 D:\\Projects\\Web\\My\\s01.one\\laravel-auth-backpack\\vendor\\laravel\\framework\\src\\Illuminate\\Foundation\\Application.php(906): array_walk()
#24 D:\\Projects\\Web\\My\\s01.one\\laravel-auth-backpack\\vendor\\laravel\\framework\\src\\Illuminate\\Foundation\\Bootstrap\\BootProviders.php(17): Illuminate\\Foundation\\Application->boot()
#25 D:\\Projects\\Web\\My\\s01.one\\laravel-auth-backpack\\vendor\\laravel\\framework\\src\\Illuminate\\Foundation\\Application.php(237): Illuminate\\Foundation\\Bootstrap\\BootProviders->bootstrap()
#26 D:\\Projects\\Web\\My\\s01.one\\laravel-auth-backpack\\vendor\\laravel\\framework\\src\\Illuminate\\Foundation\\Http\\Kernel.php(153): Illuminate\\Foundation\\Application->bootstrapWith()
#27 D:\\Projects\\Web\\My\\s01.one\\laravel-auth-backpack\\vendor\\laravel\\framework\\src\\Illuminate\\Foundation\\Http\\Kernel.php(137): Illuminate\\Foundation\\Http\\Kernel->bootstrap()
#28 D:\\Projects\\Web\\My\\s01.one\\laravel-auth-backpack\\vendor\\laravel\\framework\\src\\Illuminate\\Foundation\\Http\\Kernel.php(111): Illuminate\\Foundation\\Http\\Kernel->sendRequestThroughRouter()
#29 D:\\Projects\\Web\\My\\s01.one\\laravel-auth-backpack\\public\\index.php(52): Illuminate\\Foundation\\Http\\Kernel->handle()
#30 D:\\Projects\\Web\\My\\s01.one\\laravel-auth-backpack\\server.php(21): require_once('D:\\\\Projects\\\\Web...')
#31 {main}
"} 
[2022-07-29 15:37:45] local.ERROR: SQLSTATE[HY000] [1044] Access denied for user 's01_new'@'localhost' to database 's01_new' (SQL: select * from information_schema.tables where table_schema = s01_new and table_name = migrations and table_type = 'BASE TABLE') {"exception":"[object] (Illuminate\\Database\\QueryException(code: 1044): SQLSTATE[HY000] [1044] Access denied for user 's01_new'@'localhost' to database 's01_new' (SQL: select * from information_schema.tables where table_schema = s01_new and table_name = migrations and table_type = 'BASE TABLE') at D:\\Projects\\Web\\My\\s01.one\\laravel-auth-backpack\\vendor\\laravel\\framework\\src\\Illuminate\\Database\\Connection.php:712)
[stacktrace]
#0 D:\\Projects\\Web\\My\\s01.one\\laravel-auth-backpack\\vendor\\laravel\\framework\\src\\Illuminate\\Database\\Connection.php(672): Illuminate\\Database\\Connection->runQueryCallback()
#1 D:\\Projects\\Web\\My\\s01.one\\laravel-auth-backpack\\vendor\\laravel\\framework\\src\\Illuminate\\Database\\Connection.php(376): Illuminate\\Database\\Connection->run()
#2 D:\\Projects\\Web\\My\\s01.one\\laravel-auth-backpack\\vendor\\laravel\\framework\\src\\Illuminate\\Database\\Schema\\MySqlBuilder.php(44): Illuminate\\Database\\Connection->select()
#3 D:\\Projects\\Web\\My\\s01.one\\laravel-auth-backpack\\vendor\\laravel\\framework\\src\\Illuminate\\Database\\Migrations\\DatabaseMigrationRepository.php(169): Illuminate\\Database\\Schema\\MySqlBuilder->hasTable()
#4 D:\\Projects\\Web\\My\\s01.one\\laravel-auth-backpack\\vendor\\laravel\\framework\\src\\Illuminate\\Database\\Migrations\\Migrator.php(673): Illuminate\\Database\\Migrations\\DatabaseMigrationRepository->repositoryExists()
#5 D:\\Projects\\Web\\My\\s01.one\\laravel-auth-backpack\\vendor\\laravel\\framework\\src\\Illuminate\\Database\\Console\\Migrations\\MigrateCommand.php(110): Illuminate\\Database\\Migrations\\Migrator->repositoryExists()
#6 D:\\Projects\\Web\\My\\s01.one\\laravel-auth-backpack\\vendor\\laravel\\framework\\src\\Illuminate\\Database\\Console\\Migrations\\MigrateCommand.php(78): Illuminate\\Database\\Console\\Migrations\\MigrateCommand->prepareDatabase()
#7 D:\\Projects\\Web\\My\\s01.one\\laravel-auth-backpack\\vendor\\laravel\\framework\\src\\Illuminate\\Database\\Migrations\\Migrator.php(606): Illuminate\\Database\\Console\\Migrations\\MigrateCommand->Illuminate\\Database\\Console\\Migrations\\{closure}()
#8 D:\\Projects\\Web\\My\\s01.one\\laravel-auth-backpack\\vendor\\laravel\\framework\\src\\Illuminate\\Database\\Console\\Migrations\\MigrateCommand.php(98): Illuminate\\Database\\Migrations\\Migrator->usingConnection()
#9 D:\\Projects\\Web\\My\\s01.one\\laravel-auth-backpack\\vendor\\laravel\\framework\\src\\Illuminate\\Container\\BoundMethod.php(36): Illuminate\\Database\\Console\\Migrations\\MigrateCommand->handle()
#10 D:\\Projects\\Web\\My\\s01.one\\laravel-auth-backpack\\vendor\\laravel\\framework\\src\\Illuminate\\Container\\Util.php(40): Illuminate\\Container\\BoundMethod::Illuminate\\Container\\{closure}()
#11 D:\\Projects\\Web\\My\\s01.one\\laravel-auth-backpack\\vendor\\laravel\\framework\\src\\Illuminate\\Container\\BoundMethod.php(93): Illuminate\\Container\\Util::unwrapIfClosure()
#12 D:\\Projects\\Web\\My\\s01.one\\laravel-auth-backpack\\vendor\\laravel\\framework\\src\\Illuminate\\Container\\BoundMethod.php(37): Illuminate\\Container\\BoundMethod::callBoundMethod()
#13 D:\\Projects\\Web\\My\\s01.one\\laravel-auth-backpack\\vendor\\laravel\\framework\\src\\Illuminate\\Container\\Container.php(653): Illuminate\\Container\\BoundMethod::call()
#14 D:\\Projects\\Web\\My\\s01.one\\laravel-auth-backpack\\vendor\\laravel\\framework\\src\\Illuminate\\Console\\Command.php(136): Illuminate\\Container\\Container->call()
#15 D:\\Projects\\Web\\My\\s01.one\\laravel-auth-backpack\\vendor\\symfony\\console\\Command\\Command.php(298): Illuminate\\Console\\Command->execute()
#16 D:\\Projects\\Web\\My\\s01.one\\laravel-auth-backpack\\vendor\\laravel\\framework\\src\\Illuminate\\Console\\Command.php(121): Symfony\\Component\\Console\\Command\\Command->run()
#17 D:\\Projects\\Web\\My\\s01.one\\laravel-auth-backpack\\vendor\\symfony\\console\\Application.php(1024): Illuminate\\Console\\Command->run()
#18 D:\\Projects\\Web\\My\\s01.one\\laravel-auth-backpack\\vendor\\symfony\\console\\Application.php(299): Symfony\\Component\\Console\\Application->doRunCommand()
#19 D:\\Projects\\Web\\My\\s01.one\\laravel-auth-backpack\\vendor\\symfony\\console\\Application.php(171): Symfony\\Component\\Console\\Application->doRun()
#20 D:\\Projects\\Web\\My\\s01.one\\laravel-auth-backpack\\vendor\\laravel\\framework\\src\\Illuminate\\Console\\Application.php(94): Symfony\\Component\\Console\\Application->run()
#21 D:\\Projects\\Web\\My\\s01.one\\laravel-auth-backpack\\vendor\\laravel\\framework\\src\\Illuminate\\Foundation\\Console\\Kernel.php(129): Illuminate\\Console\\Application->run()
#22 D:\\Projects\\Web\\My\\s01.one\\laravel-auth-backpack\\artisan(37): Illuminate\\Foundation\\Console\\Kernel->handle()
#23 {main}

[previous exception] [object] (PDOException(code: 1044): SQLSTATE[HY000] [1044] Access denied for user 's01_new'@'localhost' to database 's01_new' at D:\\Projects\\Web\\My\\s01.one\\laravel-auth-backpack\\vendor\\laravel\\framework\\src\\Illuminate\\Database\\Connectors\\Connector.php:70)
[stacktrace]
#0 D:\\Projects\\Web\\My\\s01.one\\laravel-auth-backpack\\vendor\\laravel\\framework\\src\\Illuminate\\Database\\Connectors\\Connector.php(70): PDO->__construct()
#1 D:\\Projects\\Web\\My\\s01.one\\laravel-auth-backpack\\vendor\\laravel\\framework\\src\\Illuminate\\Database\\Connectors\\Connector.php(46): Illuminate\\Database\\Connectors\\Connector->createPdoConnection()
#2 D:\\Projects\\Web\\My\\s01.one\\laravel-auth-backpack\\vendor\\laravel\\framework\\src\\Illuminate\\Database\\Connectors\\MySqlConnector.php(24): Illuminate\\Database\\Connectors\\Connector->createConnection()
#3 D:\\Projects\\Web\\My\\s01.one\\laravel-auth-backpack\\vendor\\laravel\\framework\\src\\Illuminate\\Database\\Connectors\\ConnectionFactory.php(184): Illuminate\\Database\\Connectors\\MySqlConnector->connect()
#4 [internal function]: Illuminate\\Database\\Connectors\\ConnectionFactory->Illuminate\\Database\\Connectors\\{closure}()
#5 D:\\Projects\\Web\\My\\s01.one\\laravel-auth-backpack\\vendor\\laravel\\framework\\src\\Illuminate\\Database\\Connection.php(1064): call_user_func()
#6 D:\\Projects\\Web\\My\\s01.one\\laravel-auth-backpack\\vendor\\laravel\\framework\\src\\Illuminate\\Database\\Connection.php(1100): Illuminate\\Database\\Connection->getPdo()
#7 D:\\Projects\\Web\\My\\s01.one\\laravel-auth-backpack\\vendor\\laravel\\framework\\src\\Illuminate\\Database\\Connection.php(442): Illuminate\\Database\\Connection->getReadPdo()
#8 D:\\Projects\\Web\\My\\s01.one\\laravel-auth-backpack\\vendor\\laravel\\framework\\src\\Illuminate\\Database\\Connection.php(368): Illuminate\\Database\\Connection->getPdoForSelect()
#9 D:\\Projects\\Web\\My\\s01.one\\laravel-auth-backpack\\vendor\\laravel\\framework\\src\\Illuminate\\Database\\Connection.php(705): Illuminate\\Database\\Connection->Illuminate\\Database\\{closure}()
#10 D:\\Projects\\Web\\My\\s01.one\\laravel-auth-backpack\\vendor\\laravel\\framework\\src\\Illuminate\\Database\\Connection.php(672): Illuminate\\Database\\Connection->runQueryCallback()
#11 D:\\Projects\\Web\\My\\s01.one\\laravel-auth-backpack\\vendor\\laravel\\framework\\src\\Illuminate\\Database\\Connection.php(376): Illuminate\\Database\\Connection->run()
#12 D:\\Projects\\Web\\My\\s01.one\\laravel-auth-backpack\\vendor\\laravel\\framework\\src\\Illuminate\\Database\\Schema\\MySqlBuilder.php(44): Illuminate\\Database\\Connection->select()
#13 D:\\Projects\\Web\\My\\s01.one\\laravel-auth-backpack\\vendor\\laravel\\framework\\src\\Illuminate\\Database\\Migrations\\DatabaseMigrationRepository.php(169): Illuminate\\Database\\Schema\\MySqlBuilder->hasTable()
#14 D:\\Projects\\Web\\My\\s01.one\\laravel-auth-backpack\\vendor\\laravel\\framework\\src\\Illuminate\\Database\\Migrations\\Migrator.php(673): Illuminate\\Database\\Migrations\\DatabaseMigrationRepository->repositoryExists()
#15 D:\\Projects\\Web\\My\\s01.one\\laravel-auth-backpack\\vendor\\laravel\\framework\\src\\Illuminate\\Database\\Console\\Migrations\\MigrateCommand.php(110): Illuminate\\Database\\Migrations\\Migrator->repositoryExists()
#16 D:\\Projects\\Web\\My\\s01.one\\laravel-auth-backpack\\vendor\\laravel\\framework\\src\\Illuminate\\Database\\Console\\Migrations\\MigrateCommand.php(78): Illuminate\\Database\\Console\\Migrations\\MigrateCommand->prepareDatabase()
#17 D:\\Projects\\Web\\My\\s01.one\\laravel-auth-backpack\\vendor\\laravel\\framework\\src\\Illuminate\\Database\\Migrations\\Migrator.php(606): Illuminate\\Database\\Console\\Migrations\\MigrateCommand->Illuminate\\Database\\Console\\Migrations\\{closure}()
#18 D:\\Projects\\Web\\My\\s01.one\\laravel-auth-backpack\\vendor\\laravel\\framework\\src\\Illuminate\\Database\\Console\\Migrations\\MigrateCommand.php(98): Illuminate\\Database\\Migrations\\Migrator->usingConnection()
#19 D:\\Projects\\Web\\My\\s01.one\\laravel-auth-backpack\\vendor\\laravel\\framework\\src\\Illuminate\\Container\\BoundMethod.php(36): Illuminate\\Database\\Console\\Migrations\\MigrateCommand->handle()
#20 D:\\Projects\\Web\\My\\s01.one\\laravel-auth-backpack\\vendor\\laravel\\framework\\src\\Illuminate\\Container\\Util.php(40): Illuminate\\Container\\BoundMethod::Illuminate\\Container\\{closure}()
#21 D:\\Projects\\Web\\My\\s01.one\\laravel-auth-backpack\\vendor\\laravel\\framework\\src\\Illuminate\\Container\\BoundMethod.php(93): Illuminate\\Container\\Util::unwrapIfClosure()
#22 D:\\Projects\\Web\\My\\s01.one\\laravel-auth-backpack\\vendor\\laravel\\framework\\src\\Illuminate\\Container\\BoundMethod.php(37): Illuminate\\Container\\BoundMethod::callBoundMethod()
#23 D:\\Projects\\Web\\My\\s01.one\\laravel-auth-backpack\\vendor\\laravel\\framework\\src\\Illuminate\\Container\\Container.php(653): Illuminate\\Container\\BoundMethod::call()
#24 D:\\Projects\\Web\\My\\s01.one\\laravel-auth-backpack\\vendor\\laravel\\framework\\src\\Illuminate\\Console\\Command.php(136): Illuminate\\Container\\Container->call()
#25 D:\\Projects\\Web\\My\\s01.one\\laravel-auth-backpack\\vendor\\symfony\\console\\Command\\Command.php(298): Illuminate\\Console\\Command->execute()
#26 D:\\Projects\\Web\\My\\s01.one\\laravel-auth-backpack\\vendor\\laravel\\framework\\src\\Illuminate\\Console\\Command.php(121): Symfony\\Component\\Console\\Command\\Command->run()
#27 D:\\Projects\\Web\\My\\s01.one\\laravel-auth-backpack\\vendor\\symfony\\console\\Application.php(1024): Illuminate\\Console\\Command->run()
#28 D:\\Projects\\Web\\My\\s01.one\\laravel-auth-backpack\\vendor\\symfony\\console\\Application.php(299): Symfony\\Component\\Console\\Application->doRunCommand()
#29 D:\\Projects\\Web\\My\\s01.one\\laravel-auth-backpack\\vendor\\symfony\\console\\Application.php(171): Symfony\\Component\\Console\\Application->doRun()
#30 D:\\Projects\\Web\\My\\s01.one\\laravel-auth-backpack\\vendor\\laravel\\framework\\src\\Illuminate\\Console\\Application.php(94): Symfony\\Component\\Console\\Application->run()
#31 D:\\Projects\\Web\\My\\s01.one\\laravel-auth-backpack\\vendor\\laravel\\framework\\src\\Illuminate\\Foundation\\Console\\Kernel.php(129): Illuminate\\Console\\Application->run()
#32 D:\\Projects\\Web\\My\\s01.one\\laravel-auth-backpack\\artisan(37): Illuminate\\Foundation\\Console\\Kernel->handle()
#33 {main}
"} 
[2022-07-29 15:41:41] local.ERROR: SQLSTATE[HY000] [1044] Access denied for user 's01_new'@'localhost' to database 's01_new' (SQL: select * from information_schema.tables where table_schema = s01_new and table_name = migrations and table_type = 'BASE TABLE') {"exception":"[object] (Illuminate\\Database\\QueryException(code: 1044): SQLSTATE[HY000] [1044] Access denied for user 's01_new'@'localhost' to database 's01_new' (SQL: select * from information_schema.tables where table_schema = s01_new and table_name = migrations and table_type = 'BASE TABLE') at D:\\Projects\\Web\\My\\s01.one\\laravel-auth-backpack\\vendor\\laravel\\framework\\src\\Illuminate\\Database\\Connection.php:712)
[stacktrace]
#0 D:\\Projects\\Web\\My\\s01.one\\laravel-auth-backpack\\vendor\\laravel\\framework\\src\\Illuminate\\Database\\Connection.php(672): Illuminate\\Database\\Connection->runQueryCallback()
#1 D:\\Projects\\Web\\My\\s01.one\\laravel-auth-backpack\\vendor\\laravel\\framework\\src\\Illuminate\\Database\\Connection.php(376): Illuminate\\Database\\Connection->run()
#2 D:\\Projects\\Web\\My\\s01.one\\laravel-auth-backpack\\vendor\\laravel\\framework\\src\\Illuminate\\Database\\Schema\\MySqlBuilder.php(44): Illuminate\\Database\\Connection->select()
#3 D:\\Projects\\Web\\My\\s01.one\\laravel-auth-backpack\\vendor\\laravel\\framework\\src\\Illuminate\\Database\\Migrations\\DatabaseMigrationRepository.php(169): Illuminate\\Database\\Schema\\MySqlBuilder->hasTable()
#4 D:\\Projects\\Web\\My\\s01.one\\laravel-auth-backpack\\vendor\\laravel\\framework\\src\\Illuminate\\Database\\Migrations\\Migrator.php(673): Illuminate\\Database\\Migrations\\DatabaseMigrationRepository->repositoryExists()
#5 D:\\Projects\\Web\\My\\s01.one\\laravel-auth-backpack\\vendor\\laravel\\framework\\src\\Illuminate\\Database\\Console\\Migrations\\MigrateCommand.php(110): Illuminate\\Database\\Migrations\\Migrator->repositoryExists()
#6 D:\\Projects\\Web\\My\\s01.one\\laravel-auth-backpack\\vendor\\laravel\\framework\\src\\Illuminate\\Database\\Console\\Migrations\\MigrateCommand.php(78): Illuminate\\Database\\Console\\Migrations\\MigrateCommand->prepareDatabase()
#7 D:\\Projects\\Web\\My\\s01.one\\laravel-auth-backpack\\vendor\\laravel\\framework\\src\\Illuminate\\Database\\Migrations\\Migrator.php(606): Illuminate\\Database\\Console\\Migrations\\MigrateCommand->Illuminate\\Database\\Console\\Migrations\\{closure}()
#8 D:\\Projects\\Web\\My\\s01.one\\laravel-auth-backpack\\vendor\\laravel\\framework\\src\\Illuminate\\Database\\Console\\Migrations\\MigrateCommand.php(98): Illuminate\\Database\\Migrations\\Migrator->usingConnection()
#9 D:\\Projects\\Web\\My\\s01.one\\laravel-auth-backpack\\vendor\\laravel\\framework\\src\\Illuminate\\Container\\BoundMethod.php(36): Illuminate\\Database\\Console\\Migrations\\MigrateCommand->handle()
#10 D:\\Projects\\Web\\My\\s01.one\\laravel-auth-backpack\\vendor\\laravel\\framework\\src\\Illuminate\\Container\\Util.php(40): Illuminate\\Container\\BoundMethod::Illuminate\\Container\\{closure}()
#11 D:\\Projects\\Web\\My\\s01.one\\laravel-auth-backpack\\vendor\\laravel\\framework\\src\\Illuminate\\Container\\BoundMethod.php(93): Illuminate\\Container\\Util::unwrapIfClosure()
#12 D:\\Projects\\Web\\My\\s01.one\\laravel-auth-backpack\\vendor\\laravel\\framework\\src\\Illuminate\\Container\\BoundMethod.php(37): Illuminate\\Container\\BoundMethod::callBoundMethod()
#13 D:\\Projects\\Web\\My\\s01.one\\laravel-auth-backpack\\vendor\\laravel\\framework\\src\\Illuminate\\Container\\Container.php(653): Illuminate\\Container\\BoundMethod::call()
#14 D:\\Projects\\Web\\My\\s01.one\\laravel-auth-backpack\\vendor\\laravel\\framework\\src\\Illuminate\\Console\\Command.php(136): Illuminate\\Container\\Container->call()
#15 D:\\Projects\\Web\\My\\s01.one\\laravel-auth-backpack\\vendor\\symfony\\console\\Command\\Command.php(298): Illuminate\\Console\\Command->execute()
#16 D:\\Projects\\Web\\My\\s01.one\\laravel-auth-backpack\\vendor\\laravel\\framework\\src\\Illuminate\\Console\\Command.php(121): Symfony\\Component\\Console\\Command\\Command->run()
#17 D:\\Projects\\Web\\My\\s01.one\\laravel-auth-backpack\\vendor\\symfony\\console\\Application.php(1024): Illuminate\\Console\\Command->run()
#18 D:\\Projects\\Web\\My\\s01.one\\laravel-auth-backpack\\vendor\\symfony\\console\\Application.php(299): Symfony\\Component\\Console\\Application->doRunCommand()
#19 D:\\Projects\\Web\\My\\s01.one\\laravel-auth-backpack\\vendor\\symfony\\console\\Application.php(171): Symfony\\Component\\Console\\Application->doRun()
#20 D:\\Projects\\Web\\My\\s01.one\\laravel-auth-backpack\\vendor\\laravel\\framework\\src\\Illuminate\\Console\\Application.php(94): Symfony\\Component\\Console\\Application->run()
#21 D:\\Projects\\Web\\My\\s01.one\\laravel-auth-backpack\\vendor\\laravel\\framework\\src\\Illuminate\\Foundation\\Console\\Kernel.php(129): Illuminate\\Console\\Application->run()
#22 D:\\Projects\\Web\\My\\s01.one\\laravel-auth-backpack\\artisan(37): Illuminate\\Foundation\\Console\\Kernel->handle()
#23 {main}

[previous exception] [object] (PDOException(code: 1044): SQLSTATE[HY000] [1044] Access denied for user 's01_new'@'localhost' to database 's01_new' at D:\\Projects\\Web\\My\\s01.one\\laravel-auth-backpack\\vendor\\laravel\\framework\\src\\Illuminate\\Database\\Connectors\\Connector.php:70)
[stacktrace]
#0 D:\\Projects\\Web\\My\\s01.one\\laravel-auth-backpack\\vendor\\laravel\\framework\\src\\Illuminate\\Database\\Connectors\\Connector.php(70): PDO->__construct()
#1 D:\\Projects\\Web\\My\\s01.one\\laravel-auth-backpack\\vendor\\laravel\\framework\\src\\Illuminate\\Database\\Connectors\\Connector.php(46): Illuminate\\Database\\Connectors\\Connector->createPdoConnection()
#2 D:\\Projects\\Web\\My\\s01.one\\laravel-auth-backpack\\vendor\\laravel\\framework\\src\\Illuminate\\Database\\Connectors\\MySqlConnector.php(24): Illuminate\\Database\\Connectors\\Connector->createConnection()
#3 D:\\Projects\\Web\\My\\s01.one\\laravel-auth-backpack\\vendor\\laravel\\framework\\src\\Illuminate\\Database\\Connectors\\ConnectionFactory.php(184): Illuminate\\Database\\Connectors\\MySqlConnector->connect()
#4 [internal function]: Illuminate\\Database\\Connectors\\ConnectionFactory->Illuminate\\Database\\Connectors\\{closure}()
#5 D:\\Projects\\Web\\My\\s01.one\\laravel-auth-backpack\\vendor\\laravel\\framework\\src\\Illuminate\\Database\\Connection.php(1064): call_user_func()
#6 D:\\Projects\\Web\\My\\s01.one\\laravel-auth-backpack\\vendor\\laravel\\framework\\src\\Illuminate\\Database\\Connection.php(1100): Illuminate\\Database\\Connection->getPdo()
#7 D:\\Projects\\Web\\My\\s01.one\\laravel-auth-backpack\\vendor\\laravel\\framework\\src\\Illuminate\\Database\\Connection.php(442): Illuminate\\Database\\Connection->getReadPdo()
#8 D:\\Projects\\Web\\My\\s01.one\\laravel-auth-backpack\\vendor\\laravel\\framework\\src\\Illuminate\\Database\\Connection.php(368): Illuminate\\Database\\Connection->getPdoForSelect()
#9 D:\\Projects\\Web\\My\\s01.one\\laravel-auth-backpack\\vendor\\laravel\\framework\\src\\Illuminate\\Database\\Connection.php(705): Illuminate\\Database\\Connection->Illuminate\\Database\\{closure}()
#10 D:\\Projects\\Web\\My\\s01.one\\laravel-auth-backpack\\vendor\\laravel\\framework\\src\\Illuminate\\Database\\Connection.php(672): Illuminate\\Database\\Connection->runQueryCallback()
#11 D:\\Projects\\Web\\My\\s01.one\\laravel-auth-backpack\\vendor\\laravel\\framework\\src\\Illuminate\\Database\\Connection.php(376): Illuminate\\Database\\Connection->run()
#12 D:\\Projects\\Web\\My\\s01.one\\laravel-auth-backpack\\vendor\\laravel\\framework\\src\\Illuminate\\Database\\Schema\\MySqlBuilder.php(44): Illuminate\\Database\\Connection->select()
#13 D:\\Projects\\Web\\My\\s01.one\\laravel-auth-backpack\\vendor\\laravel\\framework\\src\\Illuminate\\Database\\Migrations\\DatabaseMigrationRepository.php(169): Illuminate\\Database\\Schema\\MySqlBuilder->hasTable()
#14 D:\\Projects\\Web\\My\\s01.one\\laravel-auth-backpack\\vendor\\laravel\\framework\\src\\Illuminate\\Database\\Migrations\\Migrator.php(673): Illuminate\\Database\\Migrations\\DatabaseMigrationRepository->repositoryExists()
#15 D:\\Projects\\Web\\My\\s01.one\\laravel-auth-backpack\\vendor\\laravel\\framework\\src\\Illuminate\\Database\\Console\\Migrations\\MigrateCommand.php(110): Illuminate\\Database\\Migrations\\Migrator->repositoryExists()
#16 D:\\Projects\\Web\\My\\s01.one\\laravel-auth-backpack\\vendor\\laravel\\framework\\src\\Illuminate\\Database\\Console\\Migrations\\MigrateCommand.php(78): Illuminate\\Database\\Console\\Migrations\\MigrateCommand->prepareDatabase()
#17 D:\\Projects\\Web\\My\\s01.one\\laravel-auth-backpack\\vendor\\laravel\\framework\\src\\Illuminate\\Database\\Migrations\\Migrator.php(606): Illuminate\\Database\\Console\\Migrations\\MigrateCommand->Illuminate\\Database\\Console\\Migrations\\{closure}()
#18 D:\\Projects\\Web\\My\\s01.one\\laravel-auth-backpack\\vendor\\laravel\\framework\\src\\Illuminate\\Database\\Console\\Migrations\\MigrateCommand.php(98): Illuminate\\Database\\Migrations\\Migrator->usingConnection()
#19 D:\\Projects\\Web\\My\\s01.one\\laravel-auth-backpack\\vendor\\laravel\\framework\\src\\Illuminate\\Container\\BoundMethod.php(36): Illuminate\\Database\\Console\\Migrations\\MigrateCommand->handle()
#20 D:\\Projects\\Web\\My\\s01.one\\laravel-auth-backpack\\vendor\\laravel\\framework\\src\\Illuminate\\Container\\Util.php(40): Illuminate\\Container\\BoundMethod::Illuminate\\Container\\{closure}()
#21 D:\\Projects\\Web\\My\\s01.one\\laravel-auth-backpack\\vendor\\laravel\\framework\\src\\Illuminate\\Container\\BoundMethod.php(93): Illuminate\\Container\\Util::unwrapIfClosure()
#22 D:\\Projects\\Web\\My\\s01.one\\laravel-auth-backpack\\vendor\\laravel\\framework\\src\\Illuminate\\Container\\BoundMethod.php(37): Illuminate\\Container\\BoundMethod::callBoundMethod()
#23 D:\\Projects\\Web\\My\\s01.one\\laravel-auth-backpack\\vendor\\laravel\\framework\\src\\Illuminate\\Container\\Container.php(653): Illuminate\\Container\\BoundMethod::call()
#24 D:\\Projects\\Web\\My\\s01.one\\laravel-auth-backpack\\vendor\\laravel\\framework\\src\\Illuminate\\Console\\Command.php(136): Illuminate\\Container\\Container->call()
#25 D:\\Projects\\Web\\My\\s01.one\\laravel-auth-backpack\\vendor\\symfony\\console\\Command\\Command.php(298): Illuminate\\Console\\Command->execute()
#26 D:\\Projects\\Web\\My\\s01.one\\laravel-auth-backpack\\vendor\\laravel\\framework\\src\\Illuminate\\Console\\Command.php(121): Symfony\\Component\\Console\\Command\\Command->run()
#27 D:\\Projects\\Web\\My\\s01.one\\laravel-auth-backpack\\vendor\\symfony\\console\\Application.php(1024): Illuminate\\Console\\Command->run()
#28 D:\\Projects\\Web\\My\\s01.one\\laravel-auth-backpack\\vendor\\symfony\\console\\Application.php(299): Symfony\\Component\\Console\\Application->doRunCommand()
#29 D:\\Projects\\Web\\My\\s01.one\\laravel-auth-backpack\\vendor\\symfony\\console\\Application.php(171): Symfony\\Component\\Console\\Application->doRun()
#30 D:\\Projects\\Web\\My\\s01.one\\laravel-auth-backpack\\vendor\\laravel\\framework\\src\\Illuminate\\Console\\Application.php(94): Symfony\\Component\\Console\\Application->run()
#31 D:\\Projects\\Web\\My\\s01.one\\laravel-auth-backpack\\vendor\\laravel\\framework\\src\\Illuminate\\Foundation\\Console\\Kernel.php(129): Illuminate\\Console\\Application->run()
#32 D:\\Projects\\Web\\My\\s01.one\\laravel-auth-backpack\\artisan(37): Illuminate\\Foundation\\Console\\Kernel->handle()
#33 {main}
"} 
